-------------------------------------------------------------------------------
Test set: cn.itcast.hotel.HotelIndexTest
-------------------------------------------------------------------------------
Tests run: 3, Failures: 0, Errors: 3, Skipped: 0, Time elapsed: 3.068 s <<< FAILURE! - in cn.itcast.hotel.HotelIndexTest
testDeleteIndex  Time elapsed: 0.991 s  <<< ERROR!
java.net.ConnectException: Timeout connecting to [/192.168.150.101:9200]
	at cn.itcast.hotel.HotelIndexTest.testDeleteIndex(HotelIndexTest.java:49)
Caused by: java.net.ConnectException: Timeout connecting to [/192.168.150.101:9200]

testCreateIndex  Time elapsed: 1.049 s  <<< ERROR!
java.net.ConnectException: Timeout connecting to [/192.168.150.101:9200]
	at cn.itcast.hotel.HotelIndexTest.testCreateIndex(HotelIndexTest.java:32)
Caused by: java.net.ConnectException: Timeout connecting to [/192.168.150.101:9200]

testExistsIndex  Time elapsed: 1.022 s  <<< ERROR!
java.net.ConnectException: Timeout connecting to [/192.168.150.101:9200]
	at cn.itcast.hotel.HotelIndexTest.testExistsIndex(HotelIndexTest.java:40)
Caused by: java.net.ConnectException: Timeout connecting to [/192.168.150.101:9200]

